h:\2019s1\programming4\wangh21\project1-roguelike\roguelike\roguelike\debug\vc141.pdb
h:\2019s1\programming4\wangh21\project1-roguelike\roguelike\roguelike\debug\viewport.obj
h:\2019s1\programming4\wangh21\project1-roguelike\roguelike\roguelike\debug\tileset.obj
h:\2019s1\programming4\wangh21\project1-roguelike\roguelike\roguelike\debug\tilemap.obj
h:\2019s1\programming4\wangh21\project1-roguelike\roguelike\roguelike\debug\tile.obj
h:\2019s1\programming4\wangh21\project1-roguelike\roguelike\roguelike\debug\spritelist.obj
h:\2019s1\programming4\wangh21\project1-roguelike\roguelike\roguelike\debug\sprite.obj
h:\2019s1\programming4\wangh21\project1-roguelike\roguelike\roguelike\debug\room.obj
h:\2019s1\programming4\wangh21\project1-roguelike\roguelike\roguelike\debug\myform.obj
h:\2019s1\programming4\wangh21\project1-roguelike\roguelike\roguelike\debug\knightsprite.obj
h:\2019s1\programming4\wangh21\project1-roguelike\roguelike\roguelike\debug\dungeon.obj
h:\2019s1\programming4\wangh21\project1-roguelike\roguelike\roguelike\debug\.netframework,version=v4.6.1.assemblyattributes.obj
h:\2019s1\programming4\wangh21\project1-roguelike\roguelike\roguelike\debug\.netframework,version=v4.6.1.assemblyattributes.asm
h:\2019s1\programming4\wangh21\project1-roguelike\roguelike\debug\roguelike.exe
h:\2019s1\programming4\wangh21\project1-roguelike\roguelike\debug\roguelike.pdb
h:\2019s1\programming4\wangh21\project1-roguelike\roguelike\roguelike\debug\roguelike.myform.resources
h:\2019s1\programming4\wangh21\project1-roguelike\roguelike\roguelike\debug\roguelike.vcxproj.generateresource.cache
h:\2019s1\programming4\wangh21\project1-roguelike\roguelike\roguelike\debug\roguelike.vcxprojassemblyreference.cache
h:\2019s1\programming4\wangh21\project1-roguelike\roguelike\roguelike\debug\roguelike.tlog\cl.command.1.tlog
h:\2019s1\programming4\wangh21\project1-roguelike\roguelike\roguelike\debug\roguelike.tlog\cl.read.1.tlog
h:\2019s1\programming4\wangh21\project1-roguelike\roguelike\roguelike\debug\roguelike.tlog\cl.write.1.tlog
h:\2019s1\programming4\wangh21\project1-roguelike\roguelike\roguelike\debug\roguelike.tlog\link.command.1.tlog
h:\2019s1\programming4\wangh21\project1-roguelike\roguelike\roguelike\debug\roguelike.tlog\link.read.1.tlog
h:\2019s1\programming4\wangh21\project1-roguelike\roguelike\roguelike\debug\roguelike.tlog\link.write.1.tlog
h:\2019s1\programming4\wangh21\project1-roguelike\roguelike\roguelike\debug\roguelike.tlog\metagen.read.1.tlog
h:\2019s1\programming4\wangh21\project1-roguelike\roguelike\roguelike\debug\roguelike.tlog\metagen.write.1.tlog
h:\2019s1\programming4\wangh21\project1-roguelike\roguelike\roguelike\debug\roguelike.tlog\roguelike.write.1u.tlog
